<?xml version="1.0" encoding="UTF-8"?>
<robot generator="Robot 7.3.2 (Python 3.12.4 on win32)" generated="2025-09-28T11:11:51.342309" rpa="false" schemaversion="5">
<suite id="s1" name="Tests" source="E:\grammer\Embedded_system\Testing\Tests">
<suite id="s1-s1" name="InsuranceUsingSelen" source="E:\grammer\Embedded_system\Testing\Tests\InsuranceUsingSelen.robot">
<test id="s1-s1-t1" name="Create Quote for Car" line="13">
<kw name="Open Insurance Application">
<kw name="Open Browser" owner="SeleniumLibrary">
<msg time="2025-09-28T11:11:51.742585" level="INFO">Opening browser 'chrome' to base url 'http://sampleapp.tricentis.com/'.</msg>
<arg>${URL}</arg>
<arg>${Browser}</arg>
<doc>Opens a new browser instance to the optional ``url``.</doc>
<status status="PASS" start="2025-09-28T11:11:51.742585" elapsed="7.187426"/>
</kw>
<kw name="Click Link" owner="SeleniumLibrary">
<msg time="2025-09-28T11:11:58.931010" level="INFO">Clicking link 'Automobile'.</msg>
<arg>Automobile</arg>
<doc>Clicks a link identified by ``locator``.</doc>
<status status="PASS" start="2025-09-28T11:11:58.930011" elapsed="1.819136"/>
</kw>
<status status="PASS" start="2025-09-28T11:11:51.742585" elapsed="9.006562"/>
</kw>
<kw name="Enter Vehicle Data for Automobile">
<kw name="Select From List By Value" owner="SeleniumLibrary">
<msg time="2025-09-28T11:12:00.749147" level="INFO">Selecting options from selection list 'id=make' by value BMW.</msg>
<arg>id=make</arg>
<arg>BMW</arg>
<doc>Selects options from selection list ``locator`` by ``values``.</doc>
<status status="PASS" start="2025-09-28T11:12:00.749147" elapsed="0.069545"/>
</kw>
<kw name="Input Text" owner="SeleniumLibrary">
<msg time="2025-09-28T11:12:00.818692" level="INFO">Typing text '150' into text field 'id=engineperformance'.</msg>
<arg>id=engineperformance</arg>
<arg>150</arg>
<doc>Types the given ``text`` into the text field identified by ``locator``.</doc>
<status status="PASS" start="2025-09-28T11:12:00.818692" elapsed="0.082097"/>
</kw>
<kw name="Input Text" owner="SeleniumLibrary">
<msg time="2025-09-28T11:12:00.901090" level="INFO">Typing text '01/01/2020' into text field 'id=dateofmanufacture'.</msg>
<arg>id=dateofmanufacture</arg>
<arg>01/01/2020</arg>
<doc>Types the given ``text`` into the text field identified by ``locator``.</doc>
<status status="PASS" start="2025-09-28T11:12:00.901090" elapsed="0.100106"/>
</kw>
<kw name="Select From List By Value" owner="SeleniumLibrary">
<msg time="2025-09-28T11:12:01.002195" level="INFO">Selecting options from selection list 'id=numberofseats' by value 5.</msg>
<arg>id=numberofseats</arg>
<arg>5</arg>
<doc>Selects options from selection list ``locator`` by ``values``.</doc>
<status status="PASS" start="2025-09-28T11:12:01.001196" elapsed="0.041282"/>
</kw>
<kw name="Select From List By Value" owner="SeleniumLibrary">
<msg time="2025-09-28T11:12:01.042478" level="INFO">Selecting options from selection list 'id=fuel' by value Petrol.</msg>
<arg>id=fuel</arg>
<arg>Petrol</arg>
<doc>Selects options from selection list ``locator`` by ``values``.</doc>
<status status="PASS" start="2025-09-28T11:12:01.042478" elapsed="0.046868"/>
</kw>
<kw name="Input Text" owner="SeleniumLibrary">
<msg time="2025-09-28T11:12:01.089346" level="INFO">Typing text '30000' into text field 'id=listprice'.</msg>
<arg>id=listprice</arg>
<arg>30000</arg>
<doc>Types the given ``text`` into the text field identified by ``locator``.</doc>
<status status="PASS" start="2025-09-28T11:12:01.089346" elapsed="0.062483"/>
</kw>
<kw name="Input Text" owner="SeleniumLibrary">
<msg time="2025-09-28T11:12:01.151829" level="INFO">Typing text 'ABC123' into text field 'id=licenseplatenumber'.</msg>
<arg>id=licenseplatenumber</arg>
<arg>ABC123</arg>
<doc>Types the given ``text`` into the text field identified by ``locator``.</doc>
<status status="PASS" start="2025-09-28T11:12:01.151829" elapsed="0.062485"/>
</kw>
<kw name="Input Text" owner="SeleniumLibrary">
<msg time="2025-09-28T11:12:01.214314" level="INFO">Typing text '12000' into text field 'id=annualmileage'.</msg>
<arg>id=annualmileage</arg>
<arg>12000</arg>
<doc>Types the given ``text`` into the text field identified by ``locator``.</doc>
<status status="PASS" start="2025-09-28T11:12:01.214314" elapsed="0.078107"/>
</kw>
<kw name="Click Button" owner="SeleniumLibrary">
<msg time="2025-09-28T11:12:01.308041" level="INFO">Clicking button 'id=nextenterinsurantdata'.</msg>
<arg>id=nextenterinsurantdata</arg>
<doc>Clicks the button identified by ``locator``.</doc>
<status status="PASS" start="2025-09-28T11:12:01.308041" elapsed="0.069258"/>
</kw>
<status status="PASS" start="2025-09-28T11:12:00.749147" elapsed="0.628152"/>
</kw>
<kw name="Enter Insurant Data">
<kw name="Input Text" owner="SeleniumLibrary">
<msg time="2025-09-28T11:12:01.377299" level="INFO">Typing text 'Yomna' into text field 'id=firstname'.</msg>
<arg>id=firstname</arg>
<arg>Yomna</arg>
<doc>Types the given ``text`` into the text field identified by ``locator``.</doc>
<status status="PASS" start="2025-09-28T11:12:01.377299" elapsed="0.066475"/>
</kw>
<kw name="Input Text" owner="SeleniumLibrary">
<msg time="2025-09-28T11:12:01.443774" level="INFO">Typing text 'Mohamed' into text field 'id=lastname'.</msg>
<arg>id=lastname</arg>
<arg>Mohamed</arg>
<doc>Types the given ``text`` into the text field identified by ``locator``.</doc>
<status status="PASS" start="2025-09-28T11:12:01.443774" elapsed="0.057638"/>
</kw>
<kw name="Input Text" owner="SeleniumLibrary">
<msg time="2025-09-28T11:12:01.501412" level="INFO">Typing text '01/01/2003' into text field 'id=birthdate'.</msg>
<arg>id=birthdate</arg>
<arg>01/01/2003</arg>
<doc>Types the given ``text`` into the text field identified by ``locator``.</doc>
<status status="PASS" start="2025-09-28T11:12:01.501412" elapsed="0.084650"/>
</kw>
<kw name="Click Element" owner="SeleniumLibrary">
<msg time="2025-09-28T11:12:01.586062" level="INFO">Clicking element 'xpath=//label[contains(.,'Female')]'.</msg>
<arg>xpath=//label[contains(.,'Female')]</arg>
<doc>Click the element identified by ``locator``.</doc>
<status status="PASS" start="2025-09-28T11:12:01.586062" elapsed="0.046866"/>
</kw>
<kw name="Input Text" owner="SeleniumLibrary">
<msg time="2025-09-28T11:12:01.632928" level="INFO">Typing text '123 Ali bn Abi Talib St' into text field 'id=streetaddress'.</msg>
<arg>id=streetaddress</arg>
<arg>123 Ali bn Abi Talib St</arg>
<doc>Types the given ``text`` into the text field identified by ``locator``.</doc>
<status status="PASS" start="2025-09-28T11:12:01.632928" elapsed="0.078107"/>
</kw>
<kw name="Select From List By Value" owner="SeleniumLibrary">
<msg time="2025-09-28T11:12:01.725863" level="INFO">Selecting options from selection list 'id=country' by value Egypt.</msg>
<arg>id=country</arg>
<arg>Egypt</arg>
<doc>Selects options from selection list ``locator`` by ``values``.</doc>
<status status="PASS" start="2025-09-28T11:12:01.711035" elapsed="0.056475"/>
</kw>
<kw name="Input Text" owner="SeleniumLibrary">
<msg time="2025-09-28T11:12:01.767510" level="INFO">Typing text '12345' into text field 'id=zipcode'.</msg>
<arg>id=zipcode</arg>
<arg>12345</arg>
<doc>Types the given ``text`` into the text field identified by ``locator``.</doc>
<status status="PASS" start="2025-09-28T11:12:01.767510" elapsed="0.062486"/>
</kw>
<kw name="Input Text" owner="SeleniumLibrary">
<msg time="2025-09-28T11:12:01.829996" level="INFO">Typing text 'Cairo' into text field 'id=city'.</msg>
<arg>id=city</arg>
<arg>Cairo</arg>
<doc>Types the given ``text`` into the text field identified by ``locator``.</doc>
<status status="PASS" start="2025-09-28T11:12:01.829996" elapsed="0.046863"/>
</kw>
<kw name="Select From List By Value" owner="SeleniumLibrary">
<msg time="2025-09-28T11:12:01.876859" level="INFO">Selecting options from selection list 'id=occupation' by value Employee.</msg>
<arg>id=occupation</arg>
<arg>Employee</arg>
<doc>Selects options from selection list ``locator`` by ``values``.</doc>
<status status="PASS" start="2025-09-28T11:12:01.876859" elapsed="0.042137"/>
</kw>
<kw name="Click Element" owner="SeleniumLibrary">
<msg time="2025-09-28T11:12:01.918996" level="INFO">Clicking element 'xpath=//label[contains(.,'Skydiving')]'.</msg>
<arg>xpath=//label[contains(.,'Skydiving')]</arg>
<doc>Click the element identified by ``locator``.</doc>
<status status="PASS" start="2025-09-28T11:12:01.918996" elapsed="0.058393"/>
</kw>
<kw name="Click Element" owner="SeleniumLibrary">
<msg time="2025-09-28T11:12:01.978385" level="INFO">Clicking element 'xpath=//label[contains(.,'Other')]'.</msg>
<arg>xpath=//label[contains(.,'Other')]</arg>
<doc>Click the element identified by ``locator``.</doc>
<status status="PASS" start="2025-09-28T11:12:01.977389" elapsed="0.051499"/>
</kw>
<kw name="Click Button" owner="SeleniumLibrary">
<msg time="2025-09-28T11:12:02.029885" level="INFO">Clicking button 'id=nextenterproductdata'.</msg>
<arg>id=nextenterproductdata</arg>
<doc>Clicks the button identified by ``locator``.</doc>
<status status="PASS" start="2025-09-28T11:12:02.028888" elapsed="0.137364"/>
</kw>
<status status="PASS" start="2025-09-28T11:12:01.377299" elapsed="0.788953"/>
</kw>
<kw name="Enter Product Data">
<kw name="Input Text" owner="SeleniumLibrary">
<msg time="2025-09-28T11:12:02.168876" level="INFO">Typing text '01/01/2026' into text field 'id=startdate'.</msg>
<arg>id=startdate</arg>
<arg>01/01/2026</arg>
<doc>Types the given ``text`` into the text field identified by ``locator``.</doc>
<status status="PASS" start="2025-09-28T11:12:02.167869" elapsed="0.091407"/>
</kw>
<kw name="Select From List By Value" owner="SeleniumLibrary">
<msg time="2025-09-28T11:12:02.259276" level="INFO">Selecting options from selection list 'id=insurancesum' by value 3000000.</msg>
<arg>id=insurancesum</arg>
<arg>3000000</arg>
<doc>Selects options from selection list ``locator`` by ``values``.</doc>
<status status="PASS" start="2025-09-28T11:12:02.259276" elapsed="0.066508"/>
</kw>
<kw name="Select From List By Value" owner="SeleniumLibrary">
<msg time="2025-09-28T11:12:02.325784" level="INFO">Selecting options from selection list 'id=meritrating' by value Bonus 1.</msg>
<arg>id=meritrating</arg>
<arg>Bonus 1</arg>
<doc>Selects options from selection list ``locator`` by ``values``.</doc>
<status status="PASS" start="2025-09-28T11:12:02.325784" elapsed="0.051044"/>
</kw>
<kw name="Select From List By Value" owner="SeleniumLibrary">
<msg time="2025-09-28T11:12:02.376828" level="INFO">Selecting options from selection list 'id=damageinsurance' by value Full Coverage.</msg>
<arg>id=damageinsurance</arg>
<arg>Full Coverage</arg>
<doc>Selects options from selection list ``locator`` by ``values``.</doc>
<status status="PASS" start="2025-09-28T11:12:02.376828" elapsed="0.046858"/>
</kw>
<kw name="Click Element" owner="SeleniumLibrary">
<msg time="2025-09-28T11:12:02.423686" level="INFO">Clicking element 'xpath=//label[contains(.,'Euro Protection')]'.</msg>
<arg>xpath=//label[contains(.,'Euro Protection')]</arg>
<doc>Click the element identified by ``locator``.</doc>
<status status="PASS" start="2025-09-28T11:12:02.423686" elapsed="0.054732"/>
</kw>
<kw name="Click Element" owner="SeleniumLibrary">
<msg time="2025-09-28T11:12:02.478418" level="INFO">Clicking element 'xpath=//label[contains(.,'Legal Defense Insurance')]'.</msg>
<arg>xpath=//label[contains(.,'Legal Defense Insurance')]</arg>
<doc>Click the element identified by ``locator``.</doc>
<status status="PASS" start="2025-09-28T11:12:02.478418" elapsed="0.049105"/>
</kw>
<kw name="Select From List By Value" owner="SeleniumLibrary">
<msg time="2025-09-28T11:12:02.527523" level="INFO">Selecting options from selection list 'id=courtesycar' by value Yes.</msg>
<arg>id=courtesycar</arg>
<arg>Yes</arg>
<doc>Selects options from selection list ``locator`` by ``values``.</doc>
<status status="PASS" start="2025-09-28T11:12:02.527523" elapsed="0.050219"/>
</kw>
<kw name="Click Button" owner="SeleniumLibrary">
<msg time="2025-09-28T11:12:02.577742" level="INFO">Clicking button 'id=nextselectpriceoption'.</msg>
<arg>id=nextselectpriceoption</arg>
<doc>Clicks the button identified by ``locator``.</doc>
<status status="PASS" start="2025-09-28T11:12:02.577742" elapsed="0.074987"/>
</kw>
<status status="PASS" start="2025-09-28T11:12:02.167249" elapsed="0.485480"/>
</kw>
<kw name="select Price Option">
<kw name="Wait Until Element Is Visible" owner="SeleniumLibrary">
<arg>css=#selectultimate</arg>
<arg>10s</arg>
<doc>Waits until the element ``locator`` is visible.</doc>
<status status="PASS" start="2025-09-28T11:12:02.652729" elapsed="0.017130"/>
</kw>
<kw name="Click Element" owner="SeleniumLibrary">
<msg time="2025-09-28T11:12:02.669859" level="INFO">Clicking element 'xpath=//span[contains(@class,'ideal-radio')]'.</msg>
<msg time="2025-09-28T11:12:02.911817" level="INFO" html="true">&lt;/td&gt;&lt;/tr&gt;&lt;tr&gt;&lt;td colspan="3"&gt;&lt;a href="selenium-screenshot-16.png"&gt;&lt;img src="selenium-screenshot-16.png" width="800px"&gt;&lt;/a&gt;</msg>
<msg time="2025-09-28T11:12:02.912813" level="FAIL">ElementNotInteractableException: Message: element not interactable
  (Session info: chrome=140.0.7339.208); For documentation on this error, please visit: https://www.selenium.dev/documentation/webdriver/troubleshooting/errors#elementnotinteractableexception
Stacktrace:
	GetHandleVerifier [0x0x7ff6d7701eb5+80197]
	GetHandleVerifier [0x0x7ff6d7701f10+80288]
	(No symbol) [0x0x7ff6d748011c]
	(No symbol) [0x0x7ff6d74d9243]
	(No symbol) [0x0x7ff6d74cabc8]
	(No symbol) [0x0x7ff6d750037a]
	(No symbol) [0x0x7ff6d74ca456]
	(No symbol) [0x0x7ff6d7500590]
	(No symbol) [0x0x7ff6d75287fb]
	(No symbol) [0x0x7ff6d7500153]
	(No symbol) [0x0x7ff6d74c8b02]
	(No symbol) [0x0x7ff6d74c98d3]
	GetHandleVerifier [0x0x7ff6d79be83d+2949837]
	GetHandleVerifier [0x0x7ff6d79b8c6a+2926330]
	GetHandleVerifier [0x0x7ff6d79d86c7+3055959]
	GetHandleVerifier [0x0x7ff6d771cfee+191102]
	GetHandleVerifier [0x0x7ff6d77250af+224063]
	GetHandleVerifier [0x0x7ff6d770af64+117236]
	GetHandleVerifier [0x0x7ff6d770b119+117673]
	GetHandleVerifier [0x0x7ff6d76f10a8+11064]
	BaseThreadInitThunk [0x0x7ffb28937374+20]
	RtlUserThreadStart [0x0x7ffb2951cc91+33]
</msg>
<arg>xpath=//span[contains(@class,'ideal-radio')]</arg>
<doc>Click the element identified by ``locator``.</doc>
<status status="FAIL" start="2025-09-28T11:12:02.669859" elapsed="0.269121">ElementNotInteractableException: Message: element not interactable
  (Session info: chrome=140.0.7339.208); For documentation on this error, please visit: https://www.selenium.dev/documentation/webdriver/troubleshooting/errors#elementnotinteractableexception
Stacktrace:
	GetHandleVerifier [0x0x7ff6d7701eb5+80197]
	GetHandleVerifier [0x0x7ff6d7701f10+80288]
	(No symbol) [0x0x7ff6d748011c]
	(No symbol) [0x0x7ff6d74d9243]
	(No symbol) [0x0x7ff6d74cabc8]
	(No symbol) [0x0x7ff6d750037a]
	(No symbol) [0x0x7ff6d74ca456]
	(No symbol) [0x0x7ff6d7500590]
	(No symbol) [0x0x7ff6d75287fb]
	(No symbol) [0x0x7ff6d7500153]
	(No symbol) [0x0x7ff6d74c8b02]
	(No symbol) [0x0x7ff6d74c98d3]
	GetHandleVerifier [0x0x7ff6d79be83d+2949837]
	GetHandleVerifier [0x0x7ff6d79b8c6a+2926330]
	GetHandleVerifier [0x0x7ff6d79d86c7+3055959]
	GetHandleVerifier [0x0x7ff6d771cfee+191102]
	GetHandleVerifier [0x0x7ff6d77250af+224063]
	GetHandleVerifier [0x0x7ff6d770af64+117236]
	GetHandleVerifier [0x0x7ff6d770b119+117673]
	GetHandleVerifier [0x0x7ff6d76f10a8+11064]
	BaseThreadInitThunk [0x0x7ffb28937374+20]
	RtlUserThreadStart [0x0x7ffb2951cc91+33]
</status>
</kw>
<kw name="Click Button" owner="SeleniumLibrary">
<arg>id=nextsendquote</arg>
<doc>Clicks the button identified by ``locator``.</doc>
<status status="NOT RUN" start="2025-09-28T11:12:02.938980" elapsed="0.000000"/>
</kw>
<status status="FAIL" start="2025-09-28T11:12:02.652729" elapsed="0.286251">ElementNotInteractableException: Message: element not interactable
  (Session info: chrome=140.0.7339.208); For documentation on this error, please visit: https://www.selenium.dev/documentation/webdriver/troubleshooting/errors#elementnotinteractableexception
Stacktrace:
	GetHandleVerifier [0x0x7ff6d7701eb5+80197]
	GetHandleVerifier [0x0x7ff6d7701f10+80288]
	(No symbol) [0x0x7ff6d748011c]
	(No symbol) [0x0x7ff6d74d9243]
	(No symbol) [0x0x7ff6d74cabc8]
	(No symbol) [0x0x7ff6d750037a]
	(No symbol) [0x0x7ff6d74ca456]
	(No symbol) [0x0x7ff6d7500590]
	(No symbol) [0x0x7ff6d75287fb]
	(No symbol) [0x0x7ff6d7500153]
	(No symbol) [0x0x7ff6d74c8b02]
	(No symbol) [0x0x7ff6d74c98d3]
	GetHandleVerifier [0x0x7ff6d79be83d+2949837]
	GetHandleVerifier [0x0x7ff6d79b8c6a+2926330]
	GetHandleVerifier [0x0x7ff6d79d86c7+3055959]
	GetHandleVerifier [0x0x7ff6d771cfee+191102]
	GetHandleVerifier [0x0x7ff6d77250af+224063]
	GetHandleVerifier [0x0x7ff6d770af64+117236]
	GetHandleVerifier [0x0x7ff6d770b119+117673]
	GetHandleVerifier [0x0x7ff6d76f10a8+11064]
	BaseThreadInitThunk [0x0x7ffb28937374+20]
	RtlUserThreadStart [0x0x7ffb2951cc91+33]
</status>
</kw>
<kw name="send Quote">
<status status="NOT RUN" start="2025-09-28T11:12:02.939983" elapsed="0.000000"/>
</kw>
<kw name="Close Browser" owner="SeleniumLibrary">
<doc>Closes the current browser.</doc>
<status status="NOT RUN" start="2025-09-28T11:12:02.939983" elapsed="0.000000"/>
</kw>
<status status="FAIL" start="2025-09-28T11:11:51.742585" elapsed="11.198389">ElementNotInteractableException: Message: element not interactable
  (Session info: chrome=140.0.7339.208); For documentation on this error, please visit: https://www.selenium.dev/documentation/webdriver/troubleshooting/errors#elementnotinteractableexception
Stacktrace:
	GetHandleVerifier [0x0x7ff6d7701eb5+80197]
	GetHandleVerifier [0x0x7ff6d7701f10+80288]
	(No symbol) [0x0x7ff6d748011c]
	(No symbol) [0x0x7ff6d74d9243]
	(No symbol) [0x0x7ff6d74cabc8]
	(No symbol) [0x0x7ff6d750037a]
	(No symbol) [0x0x7ff6d74ca456]
	(No symbol) [0x0x7ff6d7500590]
	(No symbol) [0x0x7ff6d75287fb]
	(No symbol) [0x0x7ff6d7500153]
	(No symbol) [0x0x7ff6d74c8b02]
	(No symbol) [0x0x7ff6d74c98d3]
	GetHandleVerifier [0x0x7ff6d79be83d+2949837]
	GetHandleVerifier [0x0x7ff6d79b8c6a+2926330]
	GetHandleVerifier [0x0x7ff6d79d86c7+3055959]
	GetHandleVerifier [0x0x7ff6d771cfee+191102]
	GetHandleVerifier [0x0x7ff6d77250af+224063]
	GetHandleVerifier [0x0x7ff6d770af64+117236]
	GetHandleVerifier [0x0x7ff6d770b119+117673]
	GetHandleVerifier [0x0x7ff6d76f10a8+11064]
	BaseThreadInitThunk [0x0x7ffb28937374+20]
	RtlUserThreadStart [0x0x7ffb2951cc91+33]
</status>
</test>
<status status="FAIL" start="2025-09-28T11:11:51.412578" elapsed="11.551515"/>
</suite>
<status status="FAIL" start="2025-09-28T11:11:51.342774" elapsed="11.626783"/>
</suite>
<statistics>
<total>
<stat pass="0" fail="1" skip="0">All Tests</stat>
</total>
<tag>
</tag>
<suite>
<stat name="Tests" id="s1" pass="0" fail="1" skip="0">Tests</stat>
<stat name="InsuranceUsingSelen" id="s1-s1" pass="0" fail="1" skip="0">Tests.InsuranceUsingSelen</stat>
</suite>
</statistics>
<errors>
</errors>
</robot>
